<?xml version="1.0" encoding="UTF-8"?>
<!-- Generated by org.testng.reporters.JUnitXMLReporter -->
<testsuite ignored="24" hostname="Shubham" failures="0" tests="7" name="Test" time="0.259" errors="0" timestamp="2024-10-16T09:37:41 IST">
  <testcase classname="TestCases._2_InventoryPageTestCase" name="@BeforeMethod intit" time="0.008">
    <failure type="java.lang.NullPointerException" message="Cannot invoke &amp;quot;org.openqa.selenium.WebDriver.get(String)&amp;quot; because &amp;quot;Base.TestBase.driver&amp;quot; is null">
      <![CDATA[java.lang.NullPointerException: Cannot invoke "org.openqa.selenium.WebDriver.get(String)" because "Base.TestBase.driver" is null
at Base.TestBase.intialization(TestBase.java:50)
at TestCases._2_InventoryPageTestCase.intit(_2_InventoryPageTestCase.java:28)
at java.base/java.util.ArrayList.forEach(ArrayList.java:1511)
... Removed 31 stack frames]]>
    </failure>
  </testcase> <!-- @BeforeMethod intit -->
  <testcase classname="TestCases._2_InventoryPageTestCase" name="@AfterMethod closeBrowser" time="0.002">
    <failure type="java.lang.NullPointerException" message="Cannot invoke &amp;quot;org.openqa.selenium.WebDriver.close()&amp;quot; because &amp;quot;TestCases._2_InventoryPageTestCase.driver&amp;quot; is null">
      <![CDATA[java.lang.NullPointerException: Cannot invoke "org.openqa.selenium.WebDriver.close()" because "TestCases._2_InventoryPageTestCase.driver" is null
at TestCases._2_InventoryPageTestCase.closeBrowser(_2_InventoryPageTestCase.java:121)
at java.base/java.util.ArrayList.forEach(ArrayList.java:1511)
... Removed 32 stack frames]]>
    </failure>
  </testcase> <!-- @AfterMethod closeBrowser -->
  <testcase classname="TestCases._2_InventoryPageTestCase" name="@BeforeMethod intit" time="0.001">
    <failure type="java.lang.NullPointerException" message="Cannot invoke &amp;quot;org.openqa.selenium.WebDriver.get(String)&amp;quot; because &amp;quot;Base.TestBase.driver&amp;quot; is null">
      <![CDATA[java.lang.NullPointerException: Cannot invoke "org.openqa.selenium.WebDriver.get(String)" because "Base.TestBase.driver" is null
at Base.TestBase.intialization(TestBase.java:50)
at TestCases._2_InventoryPageTestCase.intit(_2_InventoryPageTestCase.java:28)
at java.base/java.util.ArrayList.forEach(ArrayList.java:1511)
... Removed 31 stack frames]]>
    </failure>
  </testcase> <!-- @BeforeMethod intit -->
  <testcase classname="TestCases._2_InventoryPageTestCase" name="@AfterMethod closeBrowser" time="0.003">
    <failure type="java.lang.NullPointerException" message="Cannot invoke &amp;quot;org.openqa.selenium.WebDriver.close()&amp;quot; because &amp;quot;TestCases._2_InventoryPageTestCase.driver&amp;quot; is null">
      <![CDATA[java.lang.NullPointerException: Cannot invoke "org.openqa.selenium.WebDriver.close()" because "TestCases._2_InventoryPageTestCase.driver" is null
at TestCases._2_InventoryPageTestCase.closeBrowser(_2_InventoryPageTestCase.java:121)
at java.base/java.util.ArrayList.forEach(ArrayList.java:1511)
... Removed 32 stack frames]]>
    </failure>
  </testcase> <!-- @AfterMethod closeBrowser -->
  <testcase classname="TestCases._2_InventoryPageTestCase" name="@BeforeMethod intit" time="0.001">
    <failure type="java.lang.NullPointerException" message="Cannot invoke &amp;quot;org.openqa.selenium.WebDriver.get(String)&amp;quot; because &amp;quot;Base.TestBase.driver&amp;quot; is null">
      <![CDATA[java.lang.NullPointerException: Cannot invoke "org.openqa.selenium.WebDriver.get(String)" because "Base.TestBase.driver" is null
at Base.TestBase.intialization(TestBase.java:50)
at TestCases._2_InventoryPageTestCase.intit(_2_InventoryPageTestCase.java:28)
at java.base/java.util.ArrayList.forEach(ArrayList.java:1511)
... Removed 31 stack frames]]>
    </failure>
  </testcase> <!-- @BeforeMethod intit -->
  <testcase classname="TestCases._2_InventoryPageTestCase" name="@AfterMethod closeBrowser" time="0.001">
    <failure type="java.lang.NullPointerException" message="Cannot invoke &amp;quot;org.openqa.selenium.WebDriver.close()&amp;quot; because &amp;quot;TestCases._2_InventoryPageTestCase.driver&amp;quot; is null">
      <![CDATA[java.lang.NullPointerException: Cannot invoke "org.openqa.selenium.WebDriver.close()" because "TestCases._2_InventoryPageTestCase.driver" is null
at TestCases._2_InventoryPageTestCase.closeBrowser(_2_InventoryPageTestCase.java:121)
at java.base/java.util.ArrayList.forEach(ArrayList.java:1511)
... Removed 32 stack frames]]>
    </failure>
  </testcase> <!-- @AfterMethod closeBrowser -->
  <testcase classname="TestCases._2_InventoryPageTestCase" name="@BeforeMethod intit" time="0.001">
    <failure type="java.lang.NullPointerException" message="Cannot invoke &amp;quot;org.openqa.selenium.WebDriver.get(String)&amp;quot; because &amp;quot;Base.TestBase.driver&amp;quot; is null">
      <![CDATA[java.lang.NullPointerException: Cannot invoke "org.openqa.selenium.WebDriver.get(String)" because "Base.TestBase.driver" is null
at Base.TestBase.intialization(TestBase.java:50)
at TestCases._2_InventoryPageTestCase.intit(_2_InventoryPageTestCase.java:28)
at java.base/java.util.ArrayList.forEach(ArrayList.java:1511)
... Removed 31 stack frames]]>
    </failure>
  </testcase> <!-- @BeforeMethod intit -->
  <testcase classname="TestCases._2_InventoryPageTestCase" name="@AfterMethod closeBrowser" time="0.0">
    <failure type="java.lang.NullPointerException" message="Cannot invoke &amp;quot;org.openqa.selenium.WebDriver.close()&amp;quot; because &amp;quot;TestCases._2_InventoryPageTestCase.driver&amp;quot; is null">
      <![CDATA[java.lang.NullPointerException: Cannot invoke "org.openqa.selenium.WebDriver.close()" because "TestCases._2_InventoryPageTestCase.driver" is null
at TestCases._2_InventoryPageTestCase.closeBrowser(_2_InventoryPageTestCase.java:121)
at java.base/java.util.ArrayList.forEach(ArrayList.java:1511)
... Removed 32 stack frames]]>
    </failure>
  </testcase> <!-- @AfterMethod closeBrowser -->
  <testcase classname="TestCases._2_InventoryPageTestCase" name="@BeforeMethod intit" time="0.001">
    <failure type="java.lang.NullPointerException" message="Cannot invoke &amp;quot;org.openqa.selenium.WebDriver.get(String)&amp;quot; because &amp;quot;Base.TestBase.driver&amp;quot; is null">
      <![CDATA[java.lang.NullPointerException: Cannot invoke "org.openqa.selenium.WebDriver.get(String)" because "Base.TestBase.driver" is null
at Base.TestBase.intialization(TestBase.java:50)
at TestCases._2_InventoryPageTestCase.intit(_2_InventoryPageTestCase.java:28)
at java.base/java.util.ArrayList.forEach(ArrayList.java:1511)
... Removed 31 stack frames]]>
    </failure>
  </testcase> <!-- @BeforeMethod intit -->
  <testcase classname="TestCases._2_InventoryPageTestCase" name="@AfterMethod closeBrowser" time="0.001">
    <failure type="java.lang.NullPointerException" message="Cannot invoke &amp;quot;org.openqa.selenium.WebDriver.close()&amp;quot; because &amp;quot;TestCases._2_InventoryPageTestCase.driver&amp;quot; is null">
      <![CDATA[java.lang.NullPointerException: Cannot invoke "org.openqa.selenium.WebDriver.close()" because "TestCases._2_InventoryPageTestCase.driver" is null
at TestCases._2_InventoryPageTestCase.closeBrowser(_2_InventoryPageTestCase.java:121)
at java.base/java.util.ArrayList.forEach(ArrayList.java:1511)
... Removed 32 stack frames]]>
    </failure>
  </testcase> <!-- @AfterMethod closeBrowser -->
  <testcase classname="TestCases._2_InventoryPageTestCase" name="@BeforeMethod intit" time="0.002">
    <failure type="java.lang.NullPointerException" message="Cannot invoke &amp;quot;org.openqa.selenium.WebDriver.get(String)&amp;quot; because &amp;quot;Base.TestBase.driver&amp;quot; is null">
      <![CDATA[java.lang.NullPointerException: Cannot invoke "org.openqa.selenium.WebDriver.get(String)" because "Base.TestBase.driver" is null
at Base.TestBase.intialization(TestBase.java:50)
at TestCases._2_InventoryPageTestCase.intit(_2_InventoryPageTestCase.java:28)
at java.base/java.util.ArrayList.forEach(ArrayList.java:1511)
... Removed 31 stack frames]]>
    </failure>
  </testcase> <!-- @BeforeMethod intit -->
  <testcase classname="TestCases._2_InventoryPageTestCase" name="@AfterMethod closeBrowser" time="0.001">
    <failure type="java.lang.NullPointerException" message="Cannot invoke &amp;quot;org.openqa.selenium.WebDriver.close()&amp;quot; because &amp;quot;TestCases._2_InventoryPageTestCase.driver&amp;quot; is null">
      <![CDATA[java.lang.NullPointerException: Cannot invoke "org.openqa.selenium.WebDriver.close()" because "TestCases._2_InventoryPageTestCase.driver" is null
at TestCases._2_InventoryPageTestCase.closeBrowser(_2_InventoryPageTestCase.java:121)
at java.base/java.util.ArrayList.forEach(ArrayList.java:1511)
... Removed 32 stack frames]]>
    </failure>
  </testcase> <!-- @AfterMethod closeBrowser -->
  <testcase classname="TestCases._2_InventoryPageTestCase" name="@BeforeMethod intit" time="0.002">
    <failure type="java.lang.NullPointerException" message="Cannot invoke &amp;quot;org.openqa.selenium.WebDriver.get(String)&amp;quot; because &amp;quot;Base.TestBase.driver&amp;quot; is null">
      <![CDATA[java.lang.NullPointerException: Cannot invoke "org.openqa.selenium.WebDriver.get(String)" because "Base.TestBase.driver" is null
at Base.TestBase.intialization(TestBase.java:50)
at TestCases._2_InventoryPageTestCase.intit(_2_InventoryPageTestCase.java:28)
at java.base/java.util.ArrayList.forEach(ArrayList.java:1511)
... Removed 31 stack frames]]>
    </failure>
  </testcase> <!-- @BeforeMethod intit -->
  <testcase classname="TestCases._2_InventoryPageTestCase" name="@AfterMethod closeBrowser" time="0.001">
    <failure type="java.lang.NullPointerException" message="Cannot invoke &amp;quot;org.openqa.selenium.WebDriver.close()&amp;quot; because &amp;quot;TestCases._2_InventoryPageTestCase.driver&amp;quot; is null">
      <![CDATA[java.lang.NullPointerException: Cannot invoke "org.openqa.selenium.WebDriver.close()" because "TestCases._2_InventoryPageTestCase.driver" is null
at TestCases._2_InventoryPageTestCase.closeBrowser(_2_InventoryPageTestCase.java:121)
at java.base/java.util.ArrayList.forEach(ArrayList.java:1511)
... Removed 32 stack frames]]>
    </failure>
  </testcase> <!-- @AfterMethod closeBrowser -->
  <testcase classname="TestCases._2_InventoryPageTestCase" name="verfiyApplicationLogo" time="0.0">
    <skipped/>
  </testcase> <!-- verfiyApplicationLogo -->
  <testcase classname="TestCases._2_InventoryPageTestCase" name="verifyCartIconTest" time="0.005">
    <skipped/>
  </testcase> <!-- verifyCartIconTest -->
  <testcase classname="TestCases._2_InventoryPageTestCase" name="varifyAddSixProductIntoCartTest" time="0.001">
    <skipped/>
  </testcase> <!-- varifyAddSixProductIntoCartTest -->
  <testcase classname="TestCases._2_InventoryPageTestCase" name="verifyCopyRightsTextTest" time="0.001">
    <skipped/>
  </testcase> <!-- verifyCopyRightsTextTest -->
  <testcase classname="TestCases._2_InventoryPageTestCase" name="verifyTwitterSocialIconTest" time="0.0">
    <skipped/>
  </testcase> <!-- verifyTwitterSocialIconTest -->
  <testcase classname="TestCases._2_InventoryPageTestCase" name="verifyFacbookSocialIconTest" time="0.001">
    <skipped/>
  </testcase> <!-- verifyFacbookSocialIconTest -->
  <testcase classname="TestCases._2_InventoryPageTestCase" name="verifyLinkedInSocialIconTest" time="0.001">
    <skipped/>
  </testcase> <!-- verifyLinkedInSocialIconTest -->
  <testcase classname="TestCases._5_CheckoutPageOverviewPageTestCase" name="verfiyPaymentLableTextTest" time="0.0">
    <ignored/>
  </testcase> <!-- verfiyPaymentLableTextTest -->
  <testcase classname="TestCases._5_CheckoutPageOverviewPageTestCase" name="verifyOverviewPageTitleTextTest" time="0.0">
    <ignored/>
  </testcase> <!-- verifyOverviewPageTitleTextTest -->
  <testcase classname="TestCases._5_CheckoutPageOverviewPageTestCase" name="verfiyShopingInformationLableTextTest" time="0.0">
    <ignored/>
  </testcase> <!-- verfiyShopingInformationLableTextTest -->
  <testcase classname="TestCases._3_CartPageTestCase" name="verifyCartPageTitleTest" time="0.0">
    <ignored/>
  </testcase> <!-- verifyCartPageTitleTest -->
  <testcase classname="TestCases._5_CheckoutPageOverviewPageTestCase" name="verifycancleButtonTest" time="0.0">
    <ignored/>
  </testcase> <!-- verifycancleButtonTest -->
  <testcase classname="TestCases._2_InventoryPageTestCase" name="verifyRemoveTwoProductFromCartTest" time="0.0">
    <ignored/>
  </testcase> <!-- verifyRemoveTwoProductFromCartTest -->
  <testcase classname="TestCases._1_LoginPageTestCase" name="verifyURLTest" time="0.0">
    <ignored/>
  </testcase> <!-- verifyURLTest -->
  <testcase classname="TestCases._6_CheckoutCompletePageTest" name="verifyBackToHomeButtonTest" time="0.0">
    <ignored/>
  </testcase> <!-- verifyBackToHomeButtonTest -->
  <testcase classname="TestCases._6_CheckoutCompletePageTest" name="verifyOrderCompleteLabelTest" time="0.0">
    <ignored/>
  </testcase> <!-- verifyOrderCompleteLabelTest -->
  <testcase classname="TestCases._6_CheckoutCompletePageTest" name="verifyOrderCompletePageURLTest" time="0.0">
    <ignored/>
  </testcase> <!-- verifyOrderCompletePageURLTest -->
  <testcase classname="TestCases._3_CartPageTestCase" name="verifyCartPageURLTest" time="0.0">
    <ignored/>
  </testcase> <!-- verifyCartPageURLTest -->
  <testcase classname="TestCases._5_CheckoutPageOverviewPageTestCase" name="verfiyPriceTotalLableTextTest" time="0.0">
    <ignored/>
  </testcase> <!-- verfiyPriceTotalLableTextTest -->
  <testcase classname="TestCases._5_CheckoutPageOverviewPageTestCase" name="verifyQtyLableTextTest" time="0.0">
    <ignored/>
  </testcase> <!-- verifyQtyLableTextTest -->
  <testcase classname="TestCases._5_CheckoutPageOverviewPageTestCase" name="verifyDescriptionLableTextTest" time="0.0">
    <ignored/>
  </testcase> <!-- verifyDescriptionLableTextTest -->
  <testcase classname="TestCases._6_CheckoutCompletePageTest" name="verifyGreatingTextLabelTest" time="0.0">
    <ignored/>
  </testcase> <!-- verifyGreatingTextLabelTest -->
  <testcase classname="TestCases._4_CheckoutPageTestCase" name="verifyCheckOutPageTitleTest" time="0.0">
    <ignored/>
  </testcase> <!-- verifyCheckOutPageTitleTest -->
  <testcase classname="TestCases._4_CheckoutPageTestCase" name="verifyCheckOutPageURLTest" time="0.0">
    <ignored/>
  </testcase> <!-- verifyCheckOutPageURLTest -->
  <testcase classname="TestCases._5_CheckoutPageOverviewPageTestCase" name="verifyClickFinishButton" time="0.0">
    <ignored/>
  </testcase> <!-- verifyClickFinishButton -->
  <testcase classname="TestCases._2_InventoryPageTestCase" name="verifyProductPageTitleTest" time="0.0">
    <ignored/>
  </testcase> <!-- verifyProductPageTitleTest -->
  <testcase classname="TestCases._1_LoginPageTestCase" name="verifyUserLoginTest" time="0.0">
    <ignored/>
  </testcase> <!-- verifyUserLoginTest -->
  <testcase classname="TestCases._1_LoginPageTestCase" name="verfiyTitleTest" time="0.0">
    <ignored/>
  </testcase> <!-- verfiyTitleTest -->
  <testcase classname="TestCases._6_CheckoutCompletePageTest" name="verifySuccessLogoTest" time="0.0">
    <ignored/>
  </testcase> <!-- verifySuccessLogoTest -->
  <testcase classname="TestCases._6_CheckoutCompletePageTest" name="verifyOrderSummaryTextLabelTest" time="0.0">
    <ignored/>
  </testcase> <!-- verifyOrderSummaryTextLabelTest -->
  <testcase classname="TestCases._4_CheckoutPageTestCase" name="verfiyAddCheckOutDetailsTest" time="0.0">
    <ignored/>
  </testcase> <!-- verfiyAddCheckOutDetailsTest -->
</testsuite> <!-- Test -->
