<?xml version="1.0" encoding="UTF-8"?>
<!-- Generated by org.testng.reporters.JUnitReportReporter -->
<testsuite hostname="Shubham" failures="0" tests="10" name="TestCases._2_InventoryPageTestCase" time="-1728892672.000" errors="1" timestamp="2024-10-14T13:28:14 IST" skipped="1">
  <testcase classname="TestCases._2_InventoryPageTestCase" name="closeBrowser" time="-1728892672.000">
    <error message="
Can inject only one of &lt;ITestContext, XmlTest&gt; into a @AfterTest annotated closeBrowser.
For more information on native dependency injection please refer to https://testng.org/doc/documentation-main.html#native-dependency-injection" type="org.testng.TestNGException">
      <![CDATA[org.testng.TestNGException: 
Can inject only one of <ITestContext, XmlTest> into a @AfterTest annotated closeBrowser.
For more information on native dependency injection please refer to https://testng.org/doc/documentation-main.html#native-dependency-injection
at org.testng.internal.Parameters.checkParameterTypes(Parameters.java:436)
at org.testng.internal.Parameters.createParametersForMethod(Parameters.java:350)
at org.testng.internal.Parameters.createParameters(Parameters.java:693)
at org.testng.internal.Parameters.createConfigurationParameters(Parameters.java:166)
at org.testng.internal.invokers.ConfigInvoker.invokeConfigurations(ConfigInvoker.java:277)
at org.testng.TestRunner.invokeTestConfigurations(TestRunner.java:644)
at org.testng.TestRunner.afterRun(TestRunner.java:914)
at org.testng.TestRunner.run(TestRunner.java:605)
at org.testng.SuiteRunner.runTest(SuiteRunner.java:437)
at org.testng.SuiteRunner.runSequentially(SuiteRunner.java:431)
at org.testng.SuiteRunner.privateRun(SuiteRunner.java:391)
at org.testng.SuiteRunner.run(SuiteRunner.java:330)
at org.testng.SuiteRunnerWorker.runSuite(SuiteRunnerWorker.java:52)
at org.testng.SuiteRunnerWorker.run(SuiteRunnerWorker.java:95)
at org.testng.TestNG.runSuitesSequentially(TestNG.java:1256)
at org.testng.TestNG.runSuitesLocally(TestNG.java:1176)
at org.testng.TestNG.runSuites(TestNG.java:1099)
at org.testng.TestNG.run(TestNG.java:1067)
at org.testng.remote.AbstractRemoteTestNG.run(AbstractRemoteTestNG.java:115)
at org.testng.remote.RemoteTestNG.initAndRun(RemoteTestNG.java:293)
at org.testng.remote.RemoteTestNG.main(RemoteTestNG.java:91)
]]>
    </error>
  </testcase> <!-- closeBrowser -->
  <system-out/>
  <testcase classname="TestCases._2_InventoryPageTestCase" name="verifyCopyRightsTextTest" time="0.032"/>
  <system-out>
    <![CDATA[CopyRights Text shown in webpage:- true]]>
  </system-out>
  <testcase classname="TestCases._2_InventoryPageTestCase" name="verifyRemoveTwoProductFromCartTest" time="0.955"/>
  <system-out>
    <![CDATA[Aftre removing two product the cart value is:- 4]]>
  </system-out>
  <testcase classname="TestCases._2_InventoryPageTestCase" name="verifyTwitterSocialIconTest" time="0.040"/>
  <system-out>
    <![CDATA[Twitter Icon shown in webpage:- true]]>
  </system-out>
  <testcase classname="TestCases._2_InventoryPageTestCase" name="verifyProductPageTitleTest" time="1.893"/>
  <system-out>
    <![CDATA[ProductPage title as shown in webpage is:- Products]]>
  </system-out>
  <testcase classname="TestCases._2_InventoryPageTestCase" name="verifyLinkedInSocialIconTest" time="0.034"/>
  <system-out>
    <![CDATA[LinkedIn Icon shown in webpage:- true]]>
  </system-out>
  <testcase classname="TestCases._2_InventoryPageTestCase" name="verifyCartIconTest" time="0.041"/>
  <system-out>
    <![CDATA[Cart Logo shown in webpage:- true]]>
  </system-out>
  <testcase classname="TestCases._2_InventoryPageTestCase" name="verfiyApplicationLogo" time="0.059"/>
  <system-out>
    <![CDATA[Application Logo shown in webpage:- true]]>
  </system-out>
  <testcase classname="TestCases._2_InventoryPageTestCase" name="verifyFacbookSocialIconTest" time="0.040"/>
  <system-out>
    <![CDATA[Facebook Icon shown in webpage:- true]]>
  </system-out>
  <testcase classname="TestCases._2_InventoryPageTestCase" name="varifyAddSixProductIntoCartTest">
    <skipped/>
  </testcase> <!-- varifyAddSixProductIntoCartTest -->
  <system-out/>
</testsuite> <!-- TestCases._2_InventoryPageTestCase -->
